<?xml version="1.0" encoding="UTF-8"?>
<testng-results ignored="0" total="1" passed="1" failed="0" skipped="0">
  <reporter-output>
  </reporter-output>
  <suite started-at="2023-06-15T10:28:30 PDT" name="Default suite" finished-at="2023-06-15T10:28:30 PDT" duration-ms="227">
    <groups>
      <group name="cucumber">
        <method signature="AbstractTestNGCucumberTests.runScenario(io.cucumber.testng.PickleWrapper,io.cucumber.testng.FeatureWrapper)[pri:0, instance:com.cucumberTests.runner.CucumberRunnerSimple@3e58a80e]" name="runScenario" class="io.cucumber.testng.AbstractTestNGCucumberTests"/>
      </group> <!-- cucumber -->
    </groups>
    <test started-at="2023-06-15T10:28:30 PDT" name="Default test" finished-at="2023-06-15T10:28:30 PDT" duration-ms="227">
      <class name="com.cucumberTests.runner.CucumberRunnerSimple">
        <test-method is-config="true" signature="setUpClass(org.testng.ITestContext)[pri:0, instance:com.cucumberTests.runner.CucumberRunnerSimple@3e58a80e]" started-at="2023-06-15T10:28:30 PDT" name="setUpClass" finished-at="2023-06-15T10:28:30 PDT" duration-ms="135" status="PASS">
          <params>
            <param index="0">
              <value>
                <![CDATA[org.testng.TestRunner@676cf48]]>
              </value>
            </param>
          </params>
          <reporter-output>
          </reporter-output>
        </test-method> <!-- setUpClass -->
        <test-method signature="runScenario(io.cucumber.testng.PickleWrapper,io.cucumber.testng.FeatureWrapper)[pri:0, instance:com.cucumberTests.runner.CucumberRunnerSimple@3e58a80e]" started-at="2023-06-15T10:28:30 PDT" name="runScenario" description="Runs Cucumber Scenarios" data-provider="scenarios" finished-at="2023-06-15T10:28:30 PDT" duration-ms="55" status="PASS">
          <params>
            <param index="0">
              <value>
                <![CDATA["Addition of two number;"]]>
              </value>
            </param>
            <param index="1">
              <value>
                <![CDATA["Calculator Functionality"]]>
              </value>
            </param>
          </params>
          <reporter-output>
          </reporter-output>
        </test-method> <!-- runScenario -->
        <test-method is-config="true" signature="tearDownClass()[pri:0, instance:com.cucumberTests.runner.CucumberRunnerSimple@3e58a80e]" started-at="2023-06-15T10:28:30 PDT" name="tearDownClass" finished-at="2023-06-15T10:28:30 PDT" duration-ms="6" status="PASS">
          <reporter-output>
          </reporter-output>
        </test-method> <!-- tearDownClass -->
      </class> <!-- com.cucumberTests.runner.CucumberRunnerSimple -->
    </test> <!-- Default test -->
  </suite> <!-- Default suite -->
</testng-results>
